<?xml version="1.0" encoding="UTF-8"?>
<!-- Generated by org.testng.reporters.JUnitXMLReporter -->
<testsuite hostname="DESKTOP-KVS4D73" ignored="0" name="Default test" tests="5" failures="0" timestamp="27 Sep 2021 17:53:19 GMT" time="0.064" errors="0">
  <testcase name="Mon" time="0.006" classname="testng1.Testngtest"/>
  <testcase name="Sun" time="0.005" classname="testng1.Testngtest"/>
  <testcase name="Tue" time="0.003" classname="testng1.Testngtest"/>
  <testcase name="Wed" time="0.002" classname="testng1.Testngtest"/>
  <testcase name="firsttest" time="0.001" classname="testng1.Testngtest"/>
</testsuite> <!-- Default test -->
