<?xml version="1.0" encoding="UTF-8"?>
<!-- Generated by org.testng.reporters.JUnitXMLReporter -->
<testsuite hostname="DESKTOP-KVS4D73" ignored="0" name="Test" tests="5" failures="0" timestamp="27 Sep 2021 17:59:45 GMT" time="0.064" errors="0">
  <testcase name="Sun" time="0.008" classname="testng1.Testngtest"/>
  <testcase name="Mon" time="0.005" classname="testng1.Testngtest"/>
  <testcase name="Tue" time="0.009" classname="testng1.Testngtest"/>
  <testcase name="Wed" time="0.002" classname="testng1.Testngtest"/>
  <testcase name="firsttest" time="0.002" classname="testng1.Testngtest"/>
</testsuite> <!-- Test -->
